500
0 4644 3005 2279 3297 3053 3417 4821 7155 273 9301 1207 6859 6258 6054 1625 935 1668 5715 
1 1181 3743 246 4293 7837 3473 2331 1323 8981 1973 871 8140 8618 6547 8994 
2 578 3963 1020 2744 3895 8203 7321 949 2408 4066 2202 182 1107 8423 9265 2486 5097 450 847 1496 5445 9968 3894 
3 4667 5069 4721 4086 4880 6991 1276 790 6506 7810 6956 4230 3926 523 2643 
4 8342 4726 6269 9132 5330 2085 5011 366 3375 5615 8768 3153 1336 4407 6101 2240 
5 1728 2896 6457 8175 5617 3888 1905 9459 276 7234 7762 8125 2 
6 3523 2741 6103 2210 8040 2787 7382 3859 6826 9688 1581 8043 4340 2555 2962 79 
7 7977 915 1694 7562 5107 6653 2152 5135 8824 5795 4941 1956 3982 321 
8 3745 9636 2551 3188 1019 2272 4766 1423 4704 744 3841 9833 745 79 
9 9398 4869 9640 9235 9159 6840 9014 5687 1230 9935 1796 4134 167 5155 813 468 6134 9007 
10 1122 6266 8389 8815 5692 331 2335 6573 5872 2183 3456 2192 4985 7880 7949 2240 
11 9745 7074 6706 5652 2203 7174 6698 7824 286 4330 1252 9930 2240 
12 5509 8507 1233 191 8416 4345 2586 1168 9887 667 6468 1521 4071 7709 3936 2288 
13 210 5525 5682 6002 505 7909 8444 6025 7028 7459 7278 8387 5412 
14 8549 493 7228 7115 1962 8750 5234 7381 3494 9676 6675 7713 9293 2264 3885 
15 6267 2326 2934 7233 7903 4486 5634 1407 2472 545 2730 4901 
16 5474 2061 1371 2034 6185 7461 472 6300 6351 6413 7296 2962 
17 8841 5308 9954 895 6786 7285 8469 7939 734 6628 670 8792 7447 7165 4060 9270 3074 
18 2939 6249 6257 8052 133 4027 5678 3262 1663 4613 3362 2721 8975 6327 7736 
19 8743 7687 2135 7232 8973 798 9728 8796 9675 1059 1670 6920 3827 2340 4326 1042 7883 2121 
20 482 5547 4956 8045 779 1072 6309 1529 6201 5211 7049 5307 979 7699 2240 
21 9450 1708 2602 7582 631 8260 9646 379 2124 7213 7105 1383 
22 8186 9440 5679 8992 7581 7899 1028 7114 9290 3086 2790 7055 4377 
23 4391 5535 8111 372 8949 9386 9526 478 483 5825 2128 239 8881 4624 6534 7153 6613 
24 9161 5536 5941 3837 9271 5704 1369 5703 8042 9747 9332 691 7521 3961 732 6153 
25 3637 316 7611 6572 3274 6316 8143 9137 5755 4107 3584 3111 6020 5962 2962 
26 8765 5961 14 7025 3856 6519 5350 7638 3581 2314 5166 6545 3012 
27 5389 141 9982 2886 278 4070 9593 7253 8473 768 888 4223 4178 6676 457 780 1353 2240 
28 4908 1127 7344 353 6379 5754 2127 4782 9522 1220 9659 5762 
29 9187 3746 792 4693 7925 3662 5038 4304 3194 7485 5800 5772 9244 2 
30 2815 4928 5637 9986 9153 8714 2769 797 2515 5546 7569 7048 6014 427 9533 
31 7072 115 5587 8744 7383 7787 1297 9666 5839 54 3536 1769 4966 6226 5917 6458 79 
32 9838 6776 5022 4705 5903 8757 2197 42 9181 5301 8722 2986 
33 639 4976 7718 240 6921 6157 6925 3132 6647 151 8193 6938 7652 
34 4755 4920 1693 6709 5466 5335 1542 3995 3518 652 4474 6281 2666 4199 
35 10 2835 5125 9408 6739 7719 699 9300 5658 3267 6388 1077 2060 221 1557 
36 1682 8098 9606 4327 6598 9413 4792 8746 7559 7659 4728 7240 
37 3024 5442 3766 5408 9484 4429 2571 6166 641 2402 3270 707 9129 5880 
38 3857 1319 9764 2860 8176 1218 7451 1978 7340 9691 4253 7457 3869 9619 5386 2962 
39 9188 5299 6062 1669 8170 36 5751 3373 9876 8566 4717 3543 2904 3877 2240 
40 1463 7157 8481 4553 9507 1294 1002 7082 9206 4437 7732 
41 6213 5905 247 7526 1432 7676 5391 3392 6170 2524 7220 5794 7874 2962 
42 7654 7628 5282 4153 2423 9595 8057 6908 5247 9040 7267 
43 4100 2998 7680 926 2973 9216 96 4363 2228 3714 5006 8844 5748 
44 6964 9115 9083 6449 1582 2431 6557 5395 7142 7503 6734 5401 1139 3163 
45 9791 9414 9829 142 6492 3866 8532 3394 1142 8918 3729 5362 4505 3713 7513 325 6482 7413 
46 8990 1776 8793 2614 1180 2935 7841 7426 6900 8586 8554 2856 1871 2240 2962 
47 7828 3582 2674 287 8123 9316 7408 6582 6865 2767 7356 6588 6495 4558 1763 4314 412 
48 8249 8434 3530 2332 3227 2785 3415 2382 3522 9576 3072 9898 1289 8498 
49 2369 3843 8457 4218 5399 5450 3034 4449 6619 5743 4214 6270 8462 1105 2327 8994 2962 
50 6639 4076 4140 2049 9056 6299 5769 6594 502 8069 6778 6538 2240 
51 83 4574 5868 8764 7156 1439 155 2355 8895 5371 9711 7992 896 7012 6584 9968 
52 8927 4761 7742 2270 6456 8289 2617 3383 3151 3954 5317 7755 3561 8428 2240 
53 2476 2248 8615 5595 5176 4977 7865 3003 8878 1364 9031 2274 6986 4352 
54 3461 2844 9438 5440 7734 4166 4416 4033 1896 312 5885 3830 2240 
55 9067 8681 3 2537 8804 4077 8167 5443 8247 4187 8916 2677 6260 8134 
56 1262 7887 5564 4808 154 5953 5268 8090 6048 6633 7314 5492 1299 
57 9716 7543 5232 3860 4851 3660 3161 1159 4866 5462 3275 3547 9224 3758 
58 3565 9066 2191 9708 9610 3629 3744 1565 5244 2879 4324 135 8183 
59 5439 9585 3058 5056 9449 8837 8035 4356 22 728 3842 3050 8994 2962 
60 646 5013 4241 2468 5864 1435 7714 8785 4783 2611 1984 2240 
61 9530 6918 7262 6129 9104 6241 9704 8025 5553 4607 3736 5798 2900 1638 8570 7791 9848 
62 9317 3950 4168 4586 8720 7884 9569 7801 9551 8302 7835 522 9955 8634 1665 761 7762 
63 9312 8390 6541 3573 2252 3017 3225 6674 7329 8609 3977 2458 2001 8470 9139 79 
64 3759 560 4629 7192 9114 9442 1201 7210 708 4654 8958 21 9989 8854 1762 7026 2630 7429 3144 
65 3453 2839 150 7241 5295 6144 4093 4315 4563 4522 7901 3493 1546 8880 6899 9453 9842 
66 9102 413 6954 6414 773 1414 696 6312 8208 4238 6469 496 1560 1601 8431 
67 3548 2289 9936 4849 1032 8264 7738 4828 9827 6011 
68 8780 1892 8004 7697 4444 5200 2863 7327 3284 9318 835 4222 7968 5677 3521 7438 8994 
69 8684 2258 5493 9011 7085 7469 6434 1400 6691 6052 1430 8858 1534 
70 9035 4039 2111 3505 8363 2655 8683 9194 8890 1198 9256 3648 4893 116 183 935 2240 
71 3682 348 9291 1722 3531 326 4226 8887 2811 9338 650 352 8711 4035 
72 6286 6425 1743 2979 4982 9874 5972 3820 7560 5874 9637 5326 9968 2962 
73 6205 2795 6595 1081 9478 9402 4837 4995 2263 1064 7927 7256 3146 1476 9199 2240 
74 351 7490 7141 7170 7248 7651 3959 2065 7355 8982 511 1479 5359 3751 7088 2240 
75 684 2329 3182 9521 7489 9096 5468 1147 827 9784 9349 2892 1668 
76 6669 759 9529 2936 6295 1515 2048 4564 3983 7730 5986 4760 5869 
77 1017 5929 6896 6130 4891 9693 590 3079 6890 390 997 2150 5862 7575 1238 
78 3071 7004 6332 5103 5170 8853 1908 243 3985 671 6996 1686 8248 8491 
79 6659 492 7160 4323 9859 43 3143 5995 2846 3653 1839 374 1774 2240 
80 2918 1451 5179 2959 3711 1937 8199 3041 6075 3376 
81 7368 2157 5456 2779 6941 9735 6287 7606 9436 4674 6577 9036 2699 7762 
82 4655 4938 7453 5351 9021 7197 616 2850 6077 9816 2662 9086 7949 
83 9108 6952 8011 9363 1907 7807 9953 4986 3331 9295 4822 8212 9075 
84 2598 4703 9351 5554 1044 8762 3557 1179 7796 7956 6256 2746 2059 7586 550 8005 
85 1757 2647 6210 3715 6808 3600 5636 491 5130 7484 6038 1091 1668 
86 5730 7783 6574 8089 1288 4592 2349 3046 3664 632 6137 6750 5448 6467 4855 
87 8731 1495 4362 3850 703 7183 542 1940 4229 7493 6993 8736 3586 259 8994 
88 1084 2058 662 3862 1555 3313 4594 3616 4026 1194 2421 207 9545 
89 1298 9422 3590 2092 153 6852 440 7602 5228 5258 9669 7545 
90 7249 1208 9051 389 6334 6607 7201 3296 9273 8904 765 7852 6827 
91 3264 172 5660 1505 6421 2391 6961 3854 7202 3218 3298 6221 8600 2414 
92 2215 4684 5287 2256 916 2911 7050 659 2070 1236 4840 6433 3597 9023 1343 5064 9968 2240 
93 5183 4048 3681 9857 6837 131 9797 9280 5628 3106 9968 
94 507 8801 4054 5109 4489 3440 8899 4372 9705 2144 5104 2818 5848 2962 
95 1357 6155 1202 7298 6396 6707 7216 7437 8495 8116 
96 7357 9207 953 4414 3345 6382 9694 510 101 7454 6502 2704 
97 8267 215 8010 519 8951 7474 52 2869 7281 9225 9395 3023 
98 3192 2379 2952 3716 2275 5835 1344 8362 731 72 4341 1668 2240 
99 4648 6415 1488 5161 8559 7915 9038 3580 3096 828 148 1668 
100 8738 9523 4050 1498 4242 1192 7431 3970 1725 4541 2550 4780 8298 5390 9160 1668 9968 2240 
101 9567 8625 1237 4819 4295 3189 4161 8191 1007 425 8130 
102 7290 3755 9988 1590 7434 2290 6181 296 2050 5867 7598 1828 6587 4923 6115 6250 8994 2240 
103 423 1716 1196 8190 882 820 401 2926 9262 3932 9461 2155 3936 2240 
104 9357 3909 1941 1410 9920 4735 2882 7996 7000 2284 5787 1195 3379 4020 
105 8790 8911 5334 4954 7358 8710 1838 1562 4078 122 5059 7455 5964 712 6030 2240 
106 9514 6894 2582 6395 9200 360 7691 5674 8464 6503 8994 2240 3894 
107 4290 9632 6471 2961 4511 8703 8862 8608 5957 1501 7688 8227 4909 569 
108 6479 8490 849 529 4914 1466 3460 2536 8056 8418 9671 6731 6070 4531 2240 
109 4538 4032 8803 6713 4200 4991 4448 1814 1979 
110 1303 7510 8598 6602 8758 3471 7967 9945 9937 2439 5053 1348 
111 4126 2701 5093 6717 6767 5770 854 7642 8572 5700 8374 2670 2422 447 
112 8505 5552 6164 2634 1345 446 2713 8967 8241 3700 8845 6949 6105 4823 7630 8406 2240 
113 3193 6854 2559 7890 4830 1458 9566 950 1075 4045 9244 
114 8413 593 8781 3937 6346 930 7482 8463 4814 5065 6924 2595 8284 8293 79 6613 
115 1631 538 8652 7428 3527 6417 1420 3027 362 5907 2218 8146 2240 
116 3458 2842 4181 4572 396 8215 4512 6139 285 5186 9259 1134 9208 3147 625 7120 
117 692 5705 1200 1994 2033 8350 8135 4565 9315 8574 2735 2100 6347 
118 100 8164 4939 2765 7118 7960 2575 8239 2755 6416 2857 7806 
119 9218 7859 774 2255 7948 4274 4873 26 1727 3405 4542 4744 3411 7 935 9968 
120 2505 8674 9335 3797 7591 6979 2766 6165 265 9047 88 2038 9013 8644 935 
121 4720 4277 6724 9192 3352 33 901 7683 1399 8650 9130 6512 2820 6817 794 1140 9968 935 2240 
122 5343 8501 3451 6224 2494 5773 3902 5402 4036 5147 132 3316 5437 
123 7036 6436 2989 2530 4389 6301 4388 5904 1340 7499 6773 2577 9990 9968 2240 
124 8137 196 1642 4636 2687 6167 1958 2972 9534 5336 1711 6621 6374 9968 1668 2962 
125 1362 8231 9738 5339 1152 1034 4331 9786 1552 1244 8605 5504 477 3836 
126 688 229 8287 750 552 3414 9926 4318 3614 5500 1571 6470 5340 
127 7414 1773 5138 1157 8610 5203 7260 4177 4935 9674 4589 6089 1153 6978 2240 1668 
128 2560 4948 7409 5429 3465 5683 6262 6851 7747 7486 3631 3167 4532 6510 1031 6592 3703 6296 9244 2962 
129 7021 1988 806 5073 1380 4588 272 6901 6614 6744 6021 
130 1468 8717 7817 3099 8969 4475 3676 3133 8014 719 
131 9123 7013 4573 4195 5236 4307 6523 8368 9679 8852 5355 2175 935 2240 
132 3972 2167 1715 1865 1394 1666 5085 216 6863 7127 7951 2806 7456 9731 5507 9968 
133 6188 5608 2007 815 5320 1398 8767 7563 518 3939 8907 3783 79 
134 5410 8821 6671 3702 3739 5365 2754 4671 8420 2032 2123 7204 8922 7133 2240 8994 9968 2962 
135 4566 2624 4955 2608 1695 7392 7444 695 3381 1912 4065 6893 3563 2946 1992 9197 7949 8994 
136 7311 5690 1867 1935 1906 2107 8046 4777 5017 4173 760 9230 8716 
137 2384 1972 8253 8979 7150 608 5723 7301 541 4079 3032 
138 1656 3348 9962 2488 5621 2941 6764 3418 6222 5239 3074 
139 4853 9171 5055 7549 664 8888 323 8739 6861 4470 3236 2136 
140 685 3628 7792 1639 1212 5182 1011 9634 9498 8092 1164 921 3432 2240 
141 8012 2457 5346 8789 3535 5257 336 4028 2567 7839 2030 4824 3371 
142 5666 8897 1895 1304 9 989 6091 9517 2736 6063 1948 6306 9244 
143 5144 5293 4133 4158 3920 8670 3011 6370 8252 8686 6525 3958 7179 9968 
144 3476 1834 4328 9245 4321 7963 7008 4243 407 910 2554 838 205 5219 1668 2 
145 9714 5327 1120 5815 8440 1781 8885 5195 4556 3044 1864 3533 7751 8910 6044 2240 
146 3084 8060 4737 4903 3620 4013 9722 4653 8819 2213 1611 6631 4765 
147 7743 7351 9809 7694 6320 2711 8846 63 7840 1012 3174 9283 2322 2240 
148 3794 4472 5035 3169 4929 7969 1567 3293 2243 1085 9443 4176 
149 7672 1324 9710 304 2207 8037 7126 3767 7322 6568 2615 2962 
150 7741 7427 9232 1102 7536 4900 2109 2719 9260 5342 863 9903 1125 935 3074 
151 7587 3447 2908 9621 9415 8926 2143 5169 8530 6276 876 8528 2013 
152 5900 1376 5624 9340 442 1188 8850 6642 5251 2240 2962 
153 9305 6796 4942 7261 1055 1536 6530 5710 9721 8425 7946 3846 9107 6692 9968 
154 2105 7385 5857 5086 6683 4806 3772 220 9994 8371 6597 3749 6611 6635 2962 
155 1038 2291 317 8579 6074 3657 1902 514 9588 4619 5788 6082 1668 
156 9424 6339 6688 3463 2877 992 1146 175 9602 656 7316 9370 8344 935 1668 2240 
157 5467 490 5204 648 6774 6289 6343 3910 6963 7076 8864 1889 6681 1504 420 2 
158 236 6265 1301 8051 2396 7821 8740 1049 3341 3467 7759 7762 
159 5731 6460 4275 7976 4698 8753 2981 2764 6934 1756 8074 5416 8068 
160 5418 6124 7597 5555 687 6650 6302 5778 5481 8388 195 7800 6000 7833 279 4539 6258 
161 3422 4936 5508 6777 9264 3308 2317 5218 7435 8461 4677 3537 9968 
162 421 9093 2969 4635 4969 4435 4256 1749 8238 1850 4507 8883 9968 
163 7038 5220 6010 7265 4551 7609 4162 2359 9957 6636 7556 5780 7949 1668 
164 3613 7494 2356 8050 6646 4339 8898 9834 843 6258 
165 9583 2682 2186 3310 1137 1417 6121 5948 2548 2531 4129 6258 2240 9968 
166 4892 3338 5081 4750 5388 1022 8445 1632 5134 2444 2810 6258 935 
167 8272 7984 2712 5127 6548 8307 7574 4593 3693 1425 7379 6875 9463 2867 9404 4664 2240 
168 2953 9939 6426 9018 944 1576 8817 9284 9807 6672 1668 935 2240 
169 9015 9644 103 6940 9736 7305 1520 8033 668 9931 3074 
170 3625 2467 9597 810 1453 5430 6005 5738 3656 4106 793 8816 5899 6547 
171 5728 8787 3069 6092 2871 5609 7237 1010 6783 7774 5054 8158 90 1572 5099 2240 7949 2962 
172 9660 6740 4154 3596 7359 4008 9119 7022 463 1761 2346 3894 
173 7546 8225 8773 4266 8942 1559 7086 2727 7476 4180 935 2240 
174 3632 4781 4281 9657 3627 6133 5047 8315 5911 755 4350 9968 3074 
175 2541 9388 8103 5041 6152 6809 4895 9470 250 5157 7077 8319 9615 7949 
176 3429 193 6227 3990 5226 5398 6623 603 4487 2231 9025 3752 3077 7997 
177 212 4610 9626 8351 1284 3549 5551 1046 437 5654 1396 7795 8125 5715 
178 4421 1246 7416 1622 8077 9611 4015 4061 1938 7856 8874 2693 7949 
179 8989 9568 7561 3691 3116 7617 5797 8527 6505 7784 2239 3513 139 3103 
180 6186 6886 5075 5912 3506 5024 9466 3931 232 5656 1130 5861 4527 79 
181 1760 2008 2372 9717 5854 6781 6444 4763 889 8812 
182 1098 627 4007 6917 9127 7675 4554 2287 757 1454 6258 9244 
183 3211 7352 4575 8931 4537 5702 5131 6823 6670 9702 6903 6805 7041 7304 4786 9968 
184 8511 7601 714 7566 170 767 8678 5799 6389 2169 1720 3541 7762 
185 5364 9196 6064 4264 2079 1306 6578 7307 7186 3098 5033 2668 300 9968 
186 5119 1626 3777 4333 8654 4708 1628 2557 4651 3279 4311 2962 
187 6616 1652 2594 3152 6798 3330 8078 6042 1917 9766 6936 1347 5292 5639 3158 
188 5196 6929 123 4519 3643 4683 7463 2590 1806 1942 1752 6258 7762 
189 7775 268 3425 49 7633 1980 2064 230 1847 521 1583 741 8309 3043 7883 
190 864 5503 9493 6274 2621 3655 5215 1321 2553 9823 3203 6143 3753 7880 
191 4224 3946 3288 5255 4155 3134 7616 7627 8305 1052 4672 267 2240 8125 
192 9313 9186 8147 6279 62 1662 9457 7091 9878 3125 3251 9374 6101 
193 7342 1279 9379 8432 3291 3553 2819 9359 966 7299 7720 5775 935 
194 9643 4988 6172 349 6085 8914 5110 9400 7588 7727 5898 4958 9007 
195 8966 4963 8624 4996 5573 5016 2885 1087 7641 218 3349 1822 1117 79 
196 9331 3721 9802 9364 7399 3031 8270 5706 1527 2406 5052 9723 3781 7845 238 2 
197 1482 8632 1801 7786 9845 7181 8835 6912 4289 6560 7782 9968 935 2240 
198 5 9622 4000 5785 1998 6702 1932 6926 4402 8327 9049 1429 2 
199 5517 6543 9140 6878 3670 5185 8278 9358 102 1375 5008 397 8209 2240 
200 3100 4646 3835 799 451 2353 3129 6102 4504 9686 7275 408 8696 8831 4004 3061 8830 
201 4332 3195 315 5057 3978 7686 8310 873 713 7570 952 8306 9968 
202 3735 4842 2475 756 4734 2024 8734 1518 1664 7702 257 7193 7517 
203 6169 4278 7131 7933 3828 8430 3838 6275 6076 2970 8580 6054 
204 6051 4169 6972 1616 3277 7825 5729 8053 7907 9120 6054 9968 
205 3423 2714 2680 6915 1426 1775 8308 1924 5680 9890 5933 6067 6547 
206 3080 7274 1109 7138 7062 1818 4051 4649 5126 4520 1890 7064 8188 5860 6258 1668 9968 
207 2330 7255 7945 9236 6992 4702 1309 7194 6558 5341 
208 726 9019 6398 4612 7650 8635 2399 1327 3322 2638 4418 1191 4544 76 1668 
209 1377 5328 7235 1603 8978 1845 1528 1418 8020 3320 4496 9138 2240 3894 9968 
210 897 8542 6590 3876 9668 4736 2471 1450 6311 1731 6258 
211 7143 3592 5434 2129 2781 2338 2063 4310 1224 3951 9483 6258 79 
212 1723 9997 9027 7904 9248 3442 8705 722 8521 7716 9393 6154 7347 6258 2240 9968 
213 3265 2305 8866 2663 9974 284 7970 2747 3899 9866 9238 7023 1083 2240 
214 613 5133 6494 9076 9481 1111 6163 3092 4233 4038 6537 
215 8000 983 5936 2460 3624 6041 500 1047 2897 2413 7629 6258 
216 2245 532 3852 9168 2722 6700 769 657 575 8601 2052 6258 
217 2672 4550 9586 3847 9830 4225 8474 5387 4124 2297 8987 6054 
218 2996 44 6708 5061 7721 3913 439 5701 9050 2078 976 1216 2643 
219 1766 4192 4136 4810 2462 4902 4412 4240 2055 858 6161 6258 8994 1668 
220 1403 9142 5173 1881 4587 5444 3750 7272 34 6428 2240 
221 5454 3126 7663 3057 4422 3059 8410 8782 7059 5810 7895 7922 199 
222 2214 3683 3540 4376 679 5793 2622 6394 9172 4031 3326 5548 9215 925 2962 
223 2669 1734 5115 8291 3719 465 5034 2777 6733 2568 7289 1719 7367 6391 4679 
224 9475 4044 8157 2521 2262 2324 5404 6544 7551 7626 6554 2774 9968 
225 1866 4740 986 6736 8250 1349 8808 140 7295 6360 6258 8994 9968 
226 8018 2925 9472 2872 7223 740 3382 996 4517 7864 2240 9968 2962 
227 7129 5491 1255 6294 1182 1465 1566 3508 8626 2006 3894 8994 2240 
228 2903 844 8645 8756 7333 3446 5563 2365 6656 969 2238 376 5141 3602 
229 1826 3200 5278 8538 3318 5356 1802 5246 9383 874 7040 6465 6049 2240 
230 9101 4042 7396 1617 8459 1280 9125 1516 7531 606 3113 1524 1668 9968 
231 8937 9082 5693 7270 1746 766 1014 6253 2597 4439 6362 8728 6258 935 1668 
232 9163 3278 8564 5526 6922 5990 7533 4533 4663 8997 7180 6003 3672 1657 8994 
233 2968 5684 7665 8466 9028 2780 2852 9902 9635 729 1624 4660 9968 
234 6974 3503 9384 3501 8952 6804 8699 5275 6282 9565 574 1668 7762 
235 2224 924 2185 297 7753 9428 4213 8733 7745 3391 3301 5112 5072 6547 
236 3000 9184 609 5913 4397 8529 7608 8198 2671 111 1920 4709 8685 7949 2240 
237 8737 1857 9325 4904 8071 7108 6273 5750 2516 4091 6404 6258 9968 
238 2042 5417 8152 8676 4456 4694 4546 4217 4946 6193 9299 935 8994 2240 2 
239 3500 1586 8081 8361 5121 7134 1361 6555 6504 3544 8766 2685 2240 
240 8523 8513 9237 2251 893 6036 2451 5708 6034 3222 8022 56 9008 
241 6742 1681 305 2047 2222 8443 2922 1673 6203 3119 1668 9968 
242 5522 6231 9304 252 2481 6882 8337 8382 7259 9627 6338 5871 7069 1923 5156 
243 4115 1203 4856 7043 4148 7754 1785 6601 9558 6258 9244 9968 
244 5878 4139 7804 5744 8055 3526 6824 823 497 955 1058 9968 
245 9780 2695 563 1474 8447 7190 5506 364 4343 84 5248 935 2962 
246 7353 9401 1849 1654 7273 5856 3818 8275 6192 2518 4478 4749 8257 3074 
247 9366 3454 9871 6452 3202 4730 6787 6914 4073 1587 7873 4905 9510 
248 5559 8352 4716 5532 7430 4754 8194 5983 9090 5349 8832 8125 
249 666 2102 7380 1226 2591 5863 2616 7293 1316 4580 9337 8427 7389 6354 2569 1256 2240 2962 
250 3867 6662 8761 9552 3198 7739 166 7332 2247 4793 8896 6547 3894 
251 7955 987 8548 9382 4688 5531 831 2958 3085 1219 1370 3022 8185 8105 6258 2240 
252 4627 5499 5598 7605 113 4767 2881 8230 6440 2465 2673 802 5322 7949 
253 9133 8236 982 2654 9831 3181 7580 7863 485 6234 6141 9968 7762 
254 6606 6480 2532 2370 7318 928 9781 9617 6397 2540 745 2240 9968 
255 6775 9487 4513 3771 8217 5852 6001 7377 5676 4882 6464 9110 4883 5458 1668 
256 8276 1644 8009 7075 2992 781 6627 233 3424 4600 8455 2114 2240 935 
257 1952 8510 9535 9241 3271 551 4874 4237 9005 879 3319 1799 7950 7949 2240 3894 
258 4215 2067 3438 1483 8889 2690 2453 6488 4727 9407 1339 4286 8671 
259 7020 8560 1879 1991 7282 5611 7303 8480 6216 4561 8125 
260 5958 6640 5896 129 5259 4452 8902 3286 9069 2002 7276 2639 367 6258 8125 2240 
261 7567 2083 6315 624 8093 4167 558 2376 4578 3064 6258 745 
262 7894 6278 4396 445 7881 6474 4292 4800 3863 6060 557 7949 
263 3185 7980 6609 4483 4247 4666 2985 4490 8822 2426 6913 782 935 9968 2240 2962 
264 8178 9485 5252 6793 3398 8138 3164 7006 8915 6381 6258 8125 
265 1919 3350 2868 9306 5124 4990 6951 253 4577 9222 6737 3823 3004 
266 5495 8531 4751 5375 2367 5890 2456 4041 8153 3403 1658 3964 
267 661 4279 2504 4135 8633 6349 2383 9070 5477 6630 8994 
268 6345 947 9690 1530 3539 8131 8810 449 8770 9543 5816 7078 4170 7762 
269 6556 2265 2313 4861 1481 724 5974 5737 8449 7198 4811 7771 3673 1950 6258 6613 2240 
270 4361 9157 1989 3233 4132 4818 5657 8243 7137 8493 8515 1510 7219 9968 2240 
271 7921 6746 7031 1780 1767 6017 6330 2660 1591 8653 5005 7749 4457 935 
272 7010 4120 6109 8708 5886 1472 6209 9697 2788 9144 8142 3051 2437 935 1668 2962 
273 5667 1419 1710 6620 3804 4788 5338 9032 3241 1640 7525 6400 7211 675 5804 4463 8125 2240 
274 8539 5926 9030 610 4087 9872 6447 6567 9311 1884 1342 4438 303 4567 8141 7790 6258 2643 
275 9399 106 7624 4650 6905 1585 1071 3014 98 3776 5277 8220 
276 6933 6031 6872 8996 9252 7037 771 2112 2018 3148 2798 9846 7365 6967 9968 2240 
277 6958 3388 9495 8603 2164 7205 1190 9298 626 9423 686 6258 935 2240 
278 2703 1467 7789 9582 6358 2041 1033 5994 9730 2875 2240 3936 
279 7287 6110 3802 3953 7161 2118 7707 9116 6987 7397 7811 6258 6547 2240 
280 5187 8947 3534 9746 7313 4949 5044 6516 9541 9967 7448 3923 9026 2643 
281 5431 219 3822 6680 6990 5982 7965 169 241 5920 7116 7506 9577 9004 7880 1668 9968 
282 2043 512 1619 8823 2580 5840 2930 739 7229 7309 929 7101 5902 4501 7001 6101 
283 5829 3554 1437 5453 2201 41 3741 2418 3669 6437 8599 6258 
284 6507 152 4951 9895 8148 38 7466 6612 4838 7740 3408 6258 1668 9968 2962 2240 
285 2593 2168 2249 134 5123 1248 3650 1291 1158 2294 1149 2962 
286 9624 1533 1597 1883 2843 1004 4583 8202 1786 2851 6258 1668 7949 
287 1388 2401 8707 4758 147 4179 5822 8642 4907 8930 6258 935 1668 
288 4797 8592 5590 2497 7393 160 7885 9204 1335 605 30 5451 2240 6613 
289 6217 9303 179 5892 3325 9650 6150 5285 299 6187 6258 9968 
290 263 391 6431 5188 9782 3385 905 6364 5838 1471 1668 2962 
291 3962 2991 7843 2794 8117 4450 149 7090 2071 7166 2464 4784 6258 6101 
292 5369 7415 270 4695 244 448 5449 2887 7924 5153 355 8999 9433 4034 9968 2240 2962 
293 1352 5094 6738 3406 6191 5459 5988 8438 6441 1817 5996 1391 9968 
294 2140 3808 4569 6120 9041 1558 5482 8483 9103 1788 1831 6258 6101 
295 7552 2160 8488 7689 3800 2003 2987 7107 6971 5269 6258 6101 2962 
296 5139 3178 6658 222 5089 2538 9519 9176 9254 171 5288 6258 745 
297 3887 4559 6116 9744 1880 6318 1227 1005 5675 1929 2304 7762 
298 1909 1700 9563 6068 7017 4889 3512 9900 3914 8994 
299 5605 1239 165 5653 3622 8906 918 9562 9432 7123 647 
300 8234 1964 6542 7770 2848 8192 2708 345 227 2667 8145 4691 6258 7949 2962 
301 1688 9044 9310 9434 5600 7666 8372 1765 9818 3240 9852 2962 
302 7512 8213 4212 9949 4950 2909 5814 2337 7027 3035 7669 2858 2962 
303 6496 144 7151 7998 4952 8882 8263 1851 1360 974 1514 8687 1121 
304 6235 3485 3327 1893 2605 5515 4099 8894 7375 5505 8163 5662 9043 6258 935 79 
305 1050 2933 7622 1556 5834 6410 2570 9948 9380 8083 5216 9209 4798 2519 3048 6258 
306 3754 6748 7816 1431 8405 9604 7854 2740 9156 4197 6448 1544 5520 9713 2962 
307 5963 9867 9966 1264 6493 1921 3389 6406 9787 1702 5446 9968 2240 2 
308 1507 6849 5358 8136 6385 6526 8341 6004 202 8661 3701 5400 1412 2565 3728 1668 9968 
309 5596 1672 6259 9559 5273 3928 1650 1829 7772 3497 1267 1401 6258 
310 3968 4102 1815 7440 5146 7371 8941 7797 2319 269 6258 
311 1697 7547 6723 8496 1318 4040 6928 3156 4122 4975 9623 3630 6258 2 
312 7104 5534 3704 1729 3796 9389 4387 9862 3992 6292 8920 9573 
313 9732 7225 1517 1703 8860 7728 1440 4925 3873 9233 8269 663 7266 8125 
314 738 3525 2394 7024 8001 8658 4658 5514 1427 2800 7870 5752 
315 3821 2199 5158 6586 2817 7558 8675 9494 4194 3431 2732 8870 865 9979 2962 
316 9740 8059 3056 6024 6117 4789 694 2077 1569 9326 9499 1292 4752 2158 6054 
317 7793 5875 7196 8861 9804 2301 60 6959 2017 5950 3520 2407 8663 
318 8518 4879 800 7657 4080 2378 8118 8905 7647 4017 9378 2182 79 
319 5924 1093 2636 1855 5943 9094 5272 4081 8294 6367 8962 3249 5783 9968 935 
320 4772 8324 6015 4633 961 4832 7623 582 1386 1365 9347 8797 6258 9968 
321 4309 1975 2035 9258 4846 4121 5575 9511 3285 935 
322 2099 6811 6561 6909 2627 2296 7452 5561 9147 6148 7029 753 6101 
323 6725 6794 2230 4747 5279 3813 1927 3049 4614 5643 1668 79 
324 7154 1313 6699 3486 553 1570 8216 23 6879 4590 4743 6902 2113 6258 9007 9968 
325 9557 1475 5641 6814 4144 682 899 1779 934 2589 6258 1668 7762 9968 
326 5049 8195 2840 4867 9651 7317 7888 7122 9292 5409 4442 2962 
327 9372 81 2029 2709 8502 1580 4850 1161 5601 5168 8697 7938 2240 
328 4296 2950 7975 5271 4994 9771 9077 2420 3480 9073 9409 6547 9968 7949 2962 
329 2302 958 8552 634 6357 1753 8516 7991 6138 4251 2543 2171 6258 
330 6770 3826 5473 7065 2469 7827 6937 9763 8288 6712 
331 7849 5162 8120 6529 7443 908 9981 5558 4706 8614 5163 8125 2 
332 255 3007 80 1627 411 5240 8394 3588 9976 380 5261 3915 6236 6687 7949 1668 
333 8226 4687 8113 2832 3145 2823 970 3176 3774 8133 8702 3665 3792 321 
334 3066 8976 8181 4062 3263 537 3567 7764 2878 3455 2404 6258 2962 
335 5298 7619 7269 5384 8150 5842 2684 8196 9492 8084 8794 
336 2417 2644 8630 547 3760 956 419 751 5415 4152 6946 1784 935 2240 
337 235 4638 3026 5685 2825 4095 3441 700 8397 2051 5572 3981 
338 8724 3372 7472 5781 7243 7348 480 6673 1497 281 7781 6387 9968 
339 3138 6800 8446 5036 5813 2894 9239 2235 7226 3091 7044 8893 369 2962 
340 3019 5102 5090 1960 8627 6624 9861 2718 6741 4159 715 8332 3363 1668 
341 1717 1882 143 2459 3199 8360 526 9575 9266 1696 6258 1668 2240 
342 8338 6521 1092 5976 1957 3762 5213 2770 4185 3280 9933 6258 8994 3894 
343 6466 29 546 5568 6810 520 291 3555 3803 109 2696 2057 1167 1668 9968 
344 1615 1392 7662 9285 6263 7338 2125 6475 7748 4411 9822 476 6258 8994 7762 
345 416 5300 812 2951 4165 2126 3667 6944 4697 6184 8221 4787 850 6258 935 2240 
346 6747 7550 4605 5332 1770 458 5276 4285 5724 4947 9839 7335 3380 6101 
347 7246 8648 6722 4552 2997 4191 9080 3723 7836 2883 3256 2165 7949 935 
348 2948 7851 4053 6158 5020 9193 4228 2640 4462 2242 1737 9908 9758 9219 7762 2240 
349 9416 7844 6780 5297 6832 9905 7366 3807 3907 7752 2650 
350 3997 9334 8436 5664 2947 214 6973 8540 5725 8980 1358 
351 1322 4968 2066 1610 9673 6439 5671 283 7936 8346 3524 7902 
352 2500 4186 3121 6490 7808 8912 2984 2350 1436 2278 8921 7032 4399 2240 7762 2962 
353 4628 2545 7128 8595 716 8242 2220 2308 8617 3811 8640 7350 4308 3675 2870 2240 
354 7330 1295 3747 3765 6641 1925 8693 5433 8277 5610 3008 7868 2358 9178 
355 5178 998 27 7723 213 6337 4082 6727 6821 3219 8713 3089 6258 9968 9244 
356 7773 8936 9941 5980 3605 9079 5031 3083 3365 3410 6258 6547 8125 2962 
357 8421 5284 3891 637 2796 1379 9707 4491 1128 7045 5199 4400 6258 2240 
358 7981 3258 2572 3943 6648 5845 417 3542 1063 2692 3190 6258 9968 2240 
359 5578 3370 736 5424 2827 2303 9448 1290 5045 5622 1981 9991 6258 
360 8038 701 674 4052 1275 1003 2495 7103 4964 1145 
361 4576 4579 4434 8296 6378 1266 7966 47 5151 6258 4985 2240 
362 2351 6593 6989 2492 2381 4625 6618 3082 2403 1668 3894 
363 8376 8672 5951 8555 2750 5537 5952 209 78 9641 8484 9968 
364 4145 754 6242 4257 4825 5392 4724 1691 5909 5003 6258 8994 
365 2172 1114 2742 7952 5263 8725 829 3641 6402 8027 6453 5029 935 2240 2962 
366 5597 548 6176 6303 6665 4656 6846 3068 9904 6065 6258 6101 2962 
367 7604 4014 4535 7460 2977 8988 2122 7505 8224 1175 9677 8994 
368 3404 5025 324 4074 3831 3502 2366 3337 3037 5949 8106 
369 1844 9124 7530 856 4431 1843 5944 2838 7315 6867 4348 4801 6258 
370 4499 4260 6104 9681 7324 9016 3436 5414 8948 964 1931 2603 3427 2962 
371 3047 5945 4993 4380 4427 3242 146 600 334 5747 1852 1668 9968 
372 7607 8972 4591 8032 602 1634 6801 2751 3576 293 8021 3232 
373 3109 4852 8963 6969 7639 7169 9371 3956 3626 4424 4890 9354 8387 
374 2635 4602 1561 8403 6112 3593 5070 7572 6146 7908 9598 1193 108 7880 
375 506 6755 4813 5965 7760 8088 2628 8953 7252 311 2240 
376 7700 1645 7993 1897 1675 7916 5882 3659 3710 1040 1846 9444 6258 6054 9968 9007 2962 
377 7015 50 4857 946 3608 1281 1823 226 3378 5270 6551 9496 9968 7949 
378 6325 1792 4906 8772 5583 501 9185 8909 3464 9445 8174 6258 9968 
379 1039 1056 4983 9268 8240 4685 8557 4425 5142 7798 8386 6054 2240 
380 9914 3973 3332 309 4097 743 1671 4999 1668 8994 6613 
381 4609 1944 1955 6860 198 9918 9653 4413 9992 4481 2653 1968 6445 2533 9968 
382 2393 7990 6427 3921 2610 4480 9403 1234 4111 9692 2480 7949 
383 7277 1156 6202 1629 8957 82 5426 3562 5290 6829 5304 8814 2240 
384 6307 1409 4998 1898 9034 9203 5672 6243 6771 1750 935 2240 
385 1492 4854 4981 187 7614 6429 7947 6677 788 8628 2544 3261 8994 935 
386 5117 2463 6324 7336 7407 2566 5108 3401 2791 1687 8297 725 5649 4367 6608 6101 2240 
387 301 28 1350 9421 245 9455 5264 1918 9430 4182 3784 3006 6258 9007 
388 2920 1853 6329 8328 9995 8367 3594 5647 4408 5323 3969 7880 3982 
389 7693 1592 5004 5739 6645 2542 2726 6131 1698 1789 1736 2983 9968 
390 4769 6218 8320 178 4117 3514 7733 7677 6183 8800 4623 4369 5567 6258 935 2962 
391 5376 1097 7776 6366 2062 1270 3075 8246 833 9689 1953 8994 
392 5603 5919 3419 8646 7227 3819 9662 6271 203 9800 1025 6258 2240 
393 8286 8064 7218 4383 2715 2534 7495 8373 1078 9733 105 9968 7949 2962 
394 9906 7877 4381 786 7724 6478 9840 9817 1888 836 9968 935 
395 4692 4476 9743 7081 1416 5302 5145 71 9111 3149 8357 6258 935 7949 2240 
396 5370 1138 6035 2447 6553 543 587 4116 3016 2485 4985 2962 
397 3468 9812 7152 7030 5727 8715 1803 5513 6720 486 1685 6258 9968 935 
398 2517 5877 9790 2295 7346 1460 9616 3088 9835 7656 4886 7762 1668 
399 1805 9155 7047 3546 5665 4273 2190 2697 6365 4300 6258 745 6547 2240 
400 7823 474 5968 4862 8364 2076 3216 6652 8748 8031 6258 2240 
401 8119 3300 7681 4258 7961 1334 8159 1104 2145 320 9435 9968 
402 9085 9628 5180 4092 3361 7487 5249 9022 1553 8747 4313 4232 1934 1668 2240 
403 5761 2963 8128 4665 4673 7450 3015 8353 3434 3304 2240 79 935 
404 4386 4917 9698 7360 8664 8013 1861 906 8177 6762 208 6258 745 
405 2434 8452 4937 5540 2267 645 5046 8749 4521 2345 4985 9301 
406 6873 1982 3314 9391 4534 5066 8254 2166 4090 6455 176 6953 110 9968 2240 
407 936 4047 3634 984 5818 6511 8839 5347 9924 3206 3718 5245 310 6168 3491 6258 6054 8387 
408 5132 5378 535 748 77 4379 7462 4746 5893 4713 633 6258 6054 6547 
409 9344 7750 6866 1169 338 3130 9590 2115 4714 4420 7653 6258 745 
410 7386 1825 1263 5883 4294 6145 1278 5159 8391 7696 7698 8396 
411 6348 271 2724 9278 6108 8132 6766 8571 5565 4001 3364 
412 328 3900 403 4632 6245 7636 5719 8900 5695 6200 3572 1916 9968 2240 
413 4812 4468 1503 5999 4174 6160 2233 4119 6331 5027 3183 5889 9645 9968 2240 
414 2678 8076 3009 5895 9287 8399 4888 9755 8127 9803 9608 4699 6178 6258 
415 995 6072 4805 9961 7279 9820 2147 5148 2826 2318 1223 857 6258 6101 1668 9968 
416 5068 5152 8 499 4138 5711 1041 4196 615 1512 3377 9968 
417 386 7535 9574 6237 604 180 460 2865 4785 8343 6101 
418 7424 612 5137 8636 7060 8453 2957 1424 5550 1199 9464 2491 9968 935 2962 2240 
419 3333 4248 3257 5897 5631 5977 6999 9553 9071 4799 2341 8030 6258 7949 79 
420 9950 1878 2046 2861 8349 9528 1186 6563 9201 3612 6547 
421 5040 5713 1595 3474 601 6690 2720 3246 8669 7042 3795 2412 6258 4985 9968 2240 
422 680 6199 6583 415 4084 4834 2336 7331 3529 4206 4203 4359 7285 2962 
423 9460 7302 4980 6813 9141 9779 3999 8508 9501 7712 860 7162 583 2240 
424 6408 3980 5289 242 9998 9195 3705 6803 6438 3897 6855 935 2240 2962 
425 3809 8039 7799 9099 846 8974 5367 9970 2651 9465 2240 
426 3095 9847 2184 4193 7177 7763 5150 3952 5851 9682 5519 972 1613 8062 1668 2962 
427 8079 571 5819 8689 3117 4419 7014 5321 159 8742 4926 8015 2240 2962 
428 9655 4970 4678 4503 1600 2068 9912 4354 6361 4670 5918 6889 7880 
429 2081 9885 4642 8166 8783 8778 7957 5497 6149 7439 2898 
430 5588 6372 69 8984 5570 2626 7288 819 7715 6258 9301 1668 
431 9502 3574 370 2802 7995 9772 6483 7388 6195 9425 8836 6258 1668 9968 
432 720 3764 3975 4303 461 342 6094 804 4272 7632 4529 7057 6258 6101 6054 2962 
433 891 3793 5096 7215 3355 2921 2917 6197 1326 6942 842 1641 6258 4985 935 
434 9062 3570 1648 5870 5975 9223 456 1943 3966 1969 3678 450 
435 9508 3696 9540 8024 335 3102 1144 6409 3260 1006 3987 2189 1150 2028 4985 7762 2240 
436 2069 942 723 5206 1197 6399 2737 9149 5441 6314 7987 3184 7762 
437 3154 1771 3452 6704 5353 8868 6527 1477 7039 1791 6258 
438 4342 9302 6393 4358 5625 1537 2508 2511 4401 2783 2759 2731 9162 8439 935 
439 2082 7207 8063 1307 1211 6335 3351 6838 7079 7423 2773 6258 2962 
440 6180 6710 2895 1241 1690 7862 9792 1777 1314 4088 3651 3883 7519 321 
441 917 592 2830 8477 1621 4868 1008 2454 1021 6059 9654 8125 9968 
442 5766 2223 6654 7978 4210 1759 706 3439 5978 8467 6356 6046 3074 
443 2812 8637 1525 8448 6442 6022 9768 1976 7943 8121 6258 9968 8994 
444 7640 9832 9785 5956 1963 3984 5210 3955 9234 9943 5030 200 9968 8994 
445 636 5651 6749 4128 1119 5544 3993 957 3334 4973 6073 
446 4271 6313 6603 4547 2208 4347 8280 2576 2405 2225 6497 6258 4985 
447 498 1205 4394 8402 5118 907 9275 4269 6248 5485 3226 6258 6054 3894 8994 
448 4149 8546 6831 7349 8314 4130 2432 2093 5592 3374 6522 7419 6100 3894 1668 2 
449 6126 2824 9429 9210 333 9135 4299 5461 5989 3386 7986 5149 6258 7880 2240 
450 9760 4103 3552 7231 9146 5922 453 2836 9532 6087 6258 1668 2962 
451 3180 3516 8097 3490 8336 9864 381 6599 3640 6705 1523 1904 6258 8125 
452 7516 7767 4700 8786 8029 5865 8977 808 2853 2539 8245 5698 188 4985 6547 
453 1705 4865 5757 3065 655 1548 4836 5616 4877 5831 329 6258 9968 1668 2240 
454 7412 4349 7931 5763 5736 1836 7173 8222 3579 6550 7481 2240 2962 
455 7188 6843 5670 17 5256 3101 8666 8067 8641 8581 66 6254 6666 2599 5043 8487 8125 
456 2828 9081 4291 228 1946 2044 1018 4804 438 5543 2005 9301 6258 9968 2240 
457 4875 5422 3243 2845 1155 8950 2658 1646 1813 8583 1293 1328 935 3894 2962 
458 8556 7164 5527 5707 8066 4791 7923 9897 9932 3052 2943 3982 2240 
459 4382 197 4858 2091 5538 5348 5884 5023 1563 8451 945 2549 1637 6258 2240 
460 9308 1066 8643 168 4731 7577 7326 1651 4809 6422 5853 3395 4151 9301 6258 
461 8354 3292 5549 6789 1053 8094 8833 5556 3036 7788 673 6258 9968 935 
462 2642 5779 6033 5613 6500 6419 8237 3329 1868 2962 
463 1459 5858 2523 7842 7660 3323 2333 6261 8151 3737 589 4742 79 
464 2501 95 2967 3810 3545 8301 9189 2119 9377 6125 3731 5821 
465 5419 2562 8811 3679 2657 5463 7102 981 2138 3890 6423 1242 399 2 
466 6617 1783 2448 6679 9112 7989 3568 3778 9537 7673 4985 6547 
467 6546 9353 4366 5015 8114 4826 5991 7692 3994 783 6258 7762 
468 884 3234 6769 6735 6386 6462 7508 1 7541 6947 3949 4319 5668 9244 
469 3840 1036 5114 8433 8256 6136 9053 7498 7373 5849 7593 1959 8408 4337 6258 745 2240 935 8994 
470 1655 4771 9718 2328 9482 8553 2632 5382 7553 9720 6258 6547 2240 
471 4652 1273 7158 3621 5010 3045 4794 8968 8959 53 4110 7509 6258 8994 
472 3658 988 9538 3215 388 1115 4205 4657 3507 9798 1793 2929 4967 8994 1668 
473 4189 9913 1051 57 9473 8612 6239 4759 1470 7239 4972 4661 6258 9301 1668 
474 3137 9596 586 2526 64 1997 7620 7125 2170 7779 5661 5253 6258 450 
475 2890 2778 6027 3927 6371 9411 5584 6931 2103 9783 1807 7147 6424 6547 
476 621 9592 2117 2874 3782 6745 357 4464 2298 1574 3269 8023 6982 7200 9301 
477 5037 2141 2342 2364 3217 6869 4631 5830 3858 8578 7087 6258 7880 9968 
478 382 5960 3832 5333 8998 5881 9946 9701 6 3591 9321 5194 6258 6054 9968 2240 
479 8099 830 4545 1678 1086 2217 2771 1132 3734 5051 2752 7880 6258 
480 818 4112 5379 8441 1480 2528 1124 562 778 4049 2978 9301 6054 6258 
481 1490 8596 5659 7283 7159 6531 9642 8727 7361 6019 5921 935 
482 7100 8847 6857 6651 3647 1135 1217 7971 1000 2876 7861 9709 8994 
483 967 9752 3884 4860 8799 555 2440 9938 4329 2512 6604 6029 2962 
484 789 9770 8082 1732 2873 8468 7372 2772 8499 1630 7117 6258 9301 8387 7949 
485 6868 4510 9231 2031 8859 1368 9323 6728 2156 8522 4360 7942 3290 6258 9301 1668 8994 
486 8091 418 9814 1787 4127 5154 8729 5560 9761 5447 3916 1043 6258 
487 8377 803 1636 7937 8809 702 5732 1354 1522 5079 3110 2161 4870 2240 2962 
488 2282 7113 710 1620 2375 87 8219 3717 3238 4234 6258 7880 9244 
489 2596 845 8955 6968 9554 4484 4961 6190 5310 3172 8125 
490 697 6950 8677 540 9942 1259 597 977 5319 9065 319 7507 4987 117 3905 2240 
491 7544 107 7557 9727 3127 3357 2363 822 6451 6258 
492 763 8002 3142 6377 2389 5908 2808 5650 3449 5855 120 2209 6054 8125 
493 598 8101 9851 1381 7596 6565 580 5589 1373 2116 8210 4375 8429 4831 5997 6101 
494 45 923 5427 6088 358 392 3668 9468 4012 4378 6258 9301 7949 
495 8682 533 9581 6179 2645 6858 7708 1346 3960 8938 6258 745 2240 2962 
496 4445 3416 8359 4209 1390 8281 9078 4953 4335 867 2240 
497 7891 1457 7504 4426 8072 8879 8422 9329 5280 6095 8235 9968 2240 
498 8732 9571 7475 3002 8400 2676 5305 1209 7649 292 1900 2768 6258 8387 
499 3996 968 2578 8003 1356 1733 5345 5586 7684 7425 8622 1402 7889 528 395 
