100
0 0 1 2 3 4 5 7 6 8 9 10 17 11 12 15 16 19 20 18 14 13 25 22 21 30 24 38 32 27 34 23 35 281 31 52 138 176 708 
1 0 1 2 3 4 6 26 5 8 7 41 54 46 10 9 12 11 55 61 36 70 29 15 74 91 17 62 180 67 33 60 14 110 84 28 138 1290 
2 0 1 2 3 4 5 6 7 8 9 37 44 11 10 45 40 14 13 17 12 65 16 50 53 49 19 83 94 39 64 56 42 69 27 28 3975 5276 2264 
3 0 1 2 3 6 4 5 7 8 73 14 97 9 12 125 15 13 57 165 10 170 21 399 98 106 16 20 68 101 100 549 137 304 3097 356 
4 0 1 2 3 5 4 7 6 10 9 129 144 43 14 257 12 47 13 15 392 8 26 147 82 17 71 173 120 29 2052 105 229 28 126 2818 1502 
5 0 1 2 3 4 5 6 7 8 9 10 12 11 15 14 16 17 93 13 18 20 86 78 87 76 21 25 29 24 51 95 23 28 19 96 155 3110 7624 1310 
6 0 1 2 3 4 5 6 7 8 9 13 10 12 14 17 16 19 58 75 11 112 20 15 48 18 21 24 108 72 66 172 27 22 122 23 40 3756 2153 3244 
7 0 1 2 3 4 5 6 7 8 12 9 11 15 10 63 21 14 13 17 250 19 130 107 102 139 124 16 89 90 59 24 20 23 18 119 195 27 
8 0 1 2 3 4 6 5 9 8 7 10 11 17 12 16 88 178 19 13 24 152 77 135 15 18 29 85 151 240 21 37 92 23 40 22 14 411 157 252 
9 0 1 2 3 4 6 5 9 8 7 10 11 20 14 15 232 163 19 23 117 99 109 115 158 13 33 12 25 113 18 114 24 123 28 121 468 6729 1263 
10 0 1 2 3 4 5 6 8 7 13 12 17 11 10 9 15 16 14 131 20 81 22 18 128 19 79 23 25 111 38 28 27 168 455 80 196 160 948 138 2848 554 5926 
11 0 1 2 4 3 5 6 7 8 11 10 13 9 12 15 136 19 17 14 103 18 16 116 21 34 246 26 142 20 23 104 27 28 118 55 236 148 138 3975 1671 
12 0 1 2 3 4 5 6 7 9 8 10 12 14 13 16 11 19 18 26 17 22 35 21 24 32 40 23 20 15 29 33 213 221 145 621 355 
13 0 1 2 3 5 4 6 7 8 12 11 9 17 218 18 15 429 20 10 19 611 567 14 275 21 276 572 1271 33 4336 13 1156 1042 37 1948 1959 3700 1951 138 1482 
14 0 1 2 3 4 6 5 8 7 10 9 11 17 15 14 12 19 21 13 156 185 20 24 25 18 143 30 140 349 807 45 290 38 331 35 1866 224 303 1315 6604 1077 
15 0 1 2 3 4 5 6 7 8 9 11 10 12 15 21 16 19 13 17 20 18 161 22 26 14 27 25 29 23 278 42 24 36 513 182 1263 1290 
16 0 1 2 3 4 6 5 7 9 8 12 14 10 15 11 21 13 258 167 19 256 418 659 242 848 24 288 215 223 184 154 1754 1610 20 279 485 5526 621 
17 0 1 2 3 4 6 5 8 7 10 17 9 11 12 435 14 186 245 1185 16 13 18 15 20 5893 946 345 36 510 34 318 247 665 28 199 3923 797 6049 
18 0 1 2 3 5 6 4 7 9 8 26 14 267 10 546 439 1251 13 204 879 16 33 12 17 18 207 237 11 175 390 169 42 202 19 979 1263 
19 0 1 2 3 4 5 7 6 9 8 10 15 11 14 12 17 22 13 134 16 18 28 21 23 19 20 37 298 32 188 633 3797 293 253 231 871 5990 583 5182 
20 0 1 2 3 4 6 5 7 8 11 9 14 12 10 15 13 20 17 16 19 1052 24 35 23 27 491 33 26 159 174 22 21 36 18 149 1638 155 1290 1310 
21 0 1 2 3 4 5 6 7 8 9 11 15 12 10 19 13 21 16 18 20 14 17 23 25 33 47 179 39 233 34 27 24 37 164 3158 1384 3684 138 2848 4247 
22 0 1 2 3 4 5 6 7 9 8 10 11 12 15 16 13 14 17 18 133 23 28 20 22 27 19 24 26 21 205 25 127 33 132 37 69 
23 0 1 2 3 4 5 6 7 8 11 17 10 9 12 15 14 18 13 16 19 35 20 34 21 26 23 194 22 55 42 57 24 264 46 27 28 2169 329 
24 0 1 2 3 4 5 6 7 9 10 12 8 13 11 14 19 15 16 17 18 22 23 27 21 20 31 28 35 32 24 37 26 34 269 40 271 426 977 725 2060 
25 0 1 2 3 4 5 6 8 7 9 10 425 12 227 14 17 22 602 20 21 15 18 241 19 11 2587 13 141 393 16 380 23 283 7242 1495 138 5482 
26 0 1 2 3 4 5 6 7 8 12 15 11 9 10 14 13 25 26 24 17 16 21 19 23 187 18 20 22 30 27 36 39 46 222 206 37 1434 138 5526 
27 0 1 2 3 4 5 6 8 7 9 10 11 17 12 15 16 13 18 24 29 19 14 20 23 28 34 22 21 37 40 27 36 25 41 228 31 197 69 1954 2700 7624 
28 0 1 2 3 4 5 6 7 10 9 8 14 12 19 15 16 11 13 23 20 17 22 21 29 31 44 18 234 272 37 24 612 478 146 35 28 1150 30 
29 0 1 2 3 4 5 6 7 8 9 11 10 15 17 12 19 20 18 14 21 13 16 26 270 35 360 337 22 24 490 57 153 45 30 309 442 404 
30 0 1 2 3 4 5 6 7 12 9 10 8 14 19 13 16 15 20 11 17 150 610 31 22 21 625 27 36 29 314 24 2385 465 2014 28 63 2076 968 2848 
31 0 1 2 3 4 5 6 7 8 10 9 14 12 15 13 16 11 20 21 17 22 19 31 18 23 24 37 27 26 29 34 25 28 2360 30 268 36 1106 900 5921 3097 7624 
32 0 1 2 3 4 5 7 6 10 9 8 11 14 12 16 13 18 17 15 21 20 22 19 34 23 25 31 24 162 28 33 251 35 27 41 709 316 138 3975 
33 0 1 3 2 4 5 7 8 9 6 13 10 14 11 12 16 18 20 17 15 19 21 34 724 28 25 24 22 23 980 1427 29 46 482 6656 1954 
34 0 1 2 3 4 5 6 8 10 7 19 9 14 12 16 24 18 17 15 25 11 391 412 1233 34 30 32 171 3222 27 33 216 305 38 1737 1290 3097 
35 0 1 2 3 5 4 7 8 6 12 11 14 9 17 7718 13 28 10 763 23 350 20 190 19 8973 419 297 646 6137 9957 235 3236 1752 7970 476 5221 4613 899 8450 2371 138 554 708 1290 
36 0 1 2 3 4 7 5 6 8 9 11 12 15 21 16 406 13 10 14 25 27 26 24 669 1080 20 280 712 49 35 907 17 23 181 18 1027 1388 5526 
37 0 1 2 3 4 6 5 7 8 10 9 11 12 14 15 16 24 17 19 13 21 30 25 20 26 18 27 41 166 48 36 2096 32 28 524 54 45 410 968 
38 0 1 2 3 6 5 4 8 7 14 9 13 12 15 10 21 16 20 24 768 364 31 903 17 27 11 41 906 551 22 25 40 30 1714 1334 1958 3097 1671 138 
39 0 1 2 3 5 4 6 9 8 7 10 14 26 13 12 16 18 17 33 34 322 11 22 579 32 23 335 42 506 189 632 1671 5921 1290 
40 0 1 2 3 4 5 6 7 9 8 10 12 13 17 15 14 11 19 20 27 21 210 23 16 38 29 248 26 22 259 209 363 25 18 211 193 1583 859 
41 0 1 2 3 4 5 6 7 11 8 9 10 14 19 12 13 20 16 17 15 28 18 27 21 26 23 214 37 52 33 35 31 3661 25 44 50 372 1572 176 
42 0 1 2 3 4 5 7 6 19 8 9 10 14 20 11 12 17 13 15 18 23 30 16 44 294 27 21 1489 38 32 35 26 292 935 444 39 62 37 9517 3198 708 1263 
43 0 1 2 3 4 6 5 8 12 10 9 15 11 13 23 7 17 16 14 18 19 25 24 477 54 22 243 21 26 55 502 1428 324 46 28 6126 37 1876 2433 7712 
44 0 1 2 3 5 4 6 7 8 10 12 9 13 15 11 498 16 17 14 18 22 27 28 19 20 301 21 56 34 25 32 1002 37 26 378 742 30 9502 6402 7624 
45 0 1 2 3 4 6 5 7 8 10 9 12 11 15 23 13 14 17 16 18 20 19 21 26 22 29 25 31 24 225 55 37 30 32 332 28 27 330 653 655 6729 7055 
46 0 1 2 3 4 5 6 7 9 8 15 19 11 12 10 13 20 17 14 18 16 38 22 33 21 25 29 93 27 323 1155 327 34 30 28 2591 2513 708 9517 
47 0 1 2 3 5 4 7 6 9 10 8 12 15 14 13 11 17 19 18 26 20 16 21 24 37 29 25 23 22 36 28 57 33 39 38 27 1452 1679 138 2264 1502 
48 0 1 2 3 5 6 4 8 7 9 10 15 19 13 17 14 11 12 16 20 24 34 18 25 30 366 300 22 33 21 23 48 1228 545 2955 138 1290 
49 0 1 2 3 6 5 4 7 8 9 11 12 13 15 17 14 10 29 28 16 20 19 22 23 27 339 25 212 37 55 49 21 32 18 1909 306 3332 1671 3097 
50 0 1 2 3 5 4 6 7 8 10 12 19 15 16 11 13 17 9 24 817 34 18 28 14 21 27 41 25 29 22 48 26 31 36 198 968 
51 0 1 2 3 4 5 6 7 11 10 334 373 12 8 9 13 14 45 18 21 17 910 24 35 15 9234 8783 22 4705 597 788 4606 966 2410 200 28 5501 3046 1263 
52 0 1 2 3 5 4 6 10 7 13 9 8 397 29 17 12 239 18 1465 14 23 15 509 310 244 38 11 20 786 424 868 27 21 25 1601 1070 1502 
53 0 1 2 3 4 6 5 8 9 10 12 7 11 15 13 17 14 21 24 19 20 25 23 18 16 30 26 38 22 48 46 55 54 254 1296 74 909 138 1315 1290 
54 0 1 2 3 4 5 7 6 9 8 19 10 20 11 15 16 14 12 13 17 18 26 23 22 21 36 451 27 30 44 38 29 28 249 34 35 62 37 32 561 110 484 5554 
55 0 1 2 3 4 5 6 7 9 10 8 14 15 12 11 13 16 21 20 18 19 17 23 24 22 26 25 460 33 29 30 38 37 27 208 138 6887 900 5921 1502 
56 0 1 2 3 4 6 5 7 9 8 12 14 10 11 13 19 21 15 24 17 16 35 18 22 40 20 27 25 23 44 32 481 30 203 38 45 825 28 1184 3756 2264 3244 
57 0 1 2 3 5 4 7 6 9 11 8 19 10 15 14 20 12 17 16 26 18 13 21 28 27 36 448 422 24 37 25 38 33 44 31 30 35 63 138 
58 0 1 2 3 5 4 6 8 7 10 9 18 11 17 12 20 1007 32 15 14 19 666 289 936 381 35 38 760 22 24 30 33 751 138 6604 
59 0 1 2 4 3 5 6 10 7 11 9 13 19 226 8 535 16 479 12 42 769 1011 15 8601 6408 3843 6238 2187 1429 1728 1264 27 1566 902 1412 585 8139 1290 
60 0 1 2 3 4 5 6 7 8 9 10 14 11 23 19 13 15 20 28 12 17 16 18 25 29 238 22 52 758 24 27 1927 21 1756 219 37 32 65 176 138 6729 
61 0 1 2 4 3 5 6 7 9 8 11 10 19 12 20 16 13 14 17 21 18 26 15 27 24 362 28 41 266 37 25 30 23 230 44 40 54 63 3389 3975 1737 
62 0 1 2 3 4 5 8 6 7 9 12 14 11 10 16 13 15 17 22 19 27 45 21 26 24 527 796 20 1503 25 31 277 28 770 69 869 7624 1310 
63 0 1 2 3 5 4 6 8 7 14 15 9 10 12 24 13 21 11 16 20 255 27 715 475 31 401 1054 25 30 17 22 19 18 3349 971 447 9138 1554 
64 0 1 2 4 3 6 8 5 12 11 7 10 9 15 13 17 25 26 14 22 16 296 23 21 24 46 18 54 3317 27 55 336 33 679 1290 1737 
65 0 1 2 3 4 5 6 7 10 8 9 15 19 14 11 12 17 16 20 25 21 18 24 13 217 26 38 36 29 183 299 30 22 28 31 27 432 69 3767 708 3975 
66 0 1 2 3 5 4 7 6 8 9 11 12 13 14 16 15 17 18 20 21 19 10 24 49 457 1424 32 947 29 37 58 35 23 845 375 1413 
67 0 1 2 3 4 5 7 6 10 9 8 11 16 15 13 12 14 17 19 18 24 26 21 22 20 27 29 37 36 28 31 25 23 38 35 519 65 42 671 
68 0 1 2 3 4 6 5 7 12 8 10 11 9 15 14 13 17 23 16 26 21 29 18 22 19 24 25 55 20 517 54 27 41 35 31 377 57 62 114 1122 2112 1502 7055 1310 
69 0 1 2 3 4 6 7 5 8 9 12 16 13 14 1107 11 689 18 20 25 10 501 3499 28 17 15 286 24 43 26 32 19 30 69 2177 873 1671 1290 
70 0 1 2 3 4 5 6 7 8 11 9 14 19 10 17 13 20 15 18 23 12 16 26 287 28 21 35 31 27 41 56 25 33 52 24 57 176 3975 6729 2848 
71 0 1 2 3 5 4 6 7 8 15 9 13 10 20 12 11 16 17 14 21 22 18 36 26 27 19 40 38 34 24 31 41 29 30 2477 2291 120 3097 1671 
72 0 1 2 4 3 6 5 8 10 12 11 9 7 13 15 17 14 26 23 21 24 25 16 20 54 55 19 18 22 46 70 798 30 72 543 371 1408 138 1077 1263 
73 0 1 2 3 4 5 9 8 6 7 10 11 17 12 15 13 16 23 14 24 320 20 18 28 22 637 36 3708 31 609 38 1484 32 1311 3403 308 57 27 3774 867 1495 6337 
74 0 1 2 3 4 5 6 9 7 10 14 8 12 15 16 13 11 21 19 22 24 29 23 431 28 17 201 582 18 446 27 54 31 36 170 3502 1917 138 2848 3097 
75 0 1 2 3 5 4 7 6 8 14 15 10 12 9 13 16 11 24 20 21 17 26 31 25 19 36 22 18 1073 27 28 50 30 38 57 23 1841 37 69 155 3097 2264 
76 0 1 2 3 4 5 6 7 10 9 8 13 12 16 14 11 22 24 18 34 20 17 39 19 15 23 30 26 32 556 27 28 47 35 389 1263 
77 0 1 2 4 3 6 7 5 12 11 9 20 14 2942 1888 18 533 17 851 514 10 15 21 33 8733 433 4138 5350 1130 1593 651 2657 4347 554 1290 
78 0 1 2 3 4 5 6 7 8 9 10 12 17 11 13 14 18 19 24 21 16 15 29 20 23 35 34 32 33 352 25 40 27 1591 3756 1502 2264 
79 0 1 2 3 4 5 6 7 8 11 10 13 9 15 14 12 23 19 17 21 25 28 16 18 20 35 27 220 24 291 51 30 50 553 351 5429 1315 2848 1671 
80 0 1 2 3 4 5 7 8 6 10 11 9 12 14 13 17 31 20 28 19 18 16 15 21 34 23 27 26 37 619 25 24 916 456 22 69 6979 
81 0 1 2 3 4 6 7 5 9 8 10 12 11 13 14 15 16 21 22 19 17 23 20 18 27 25 31 26 37 29 45 33 32 24 282 120 7117 1671 5921 3097 
82 0 1 2 3 4 6 5 7 9 8 12 14 13 16 10 11 15 21 20 17 22 24 26 19 27 25 36 565 29 32 30 41 28 23 338 914 138 968 
83 0 1 2 3 4 5 7 6 11 9 8 15 12 10 19 14 13 21 18 25 20 17 26 16 28 24 27 39 31 33 38 41 36 29 120 3975 1671 3244 
84 0 1 2 3 4 5 6 7 8 10 12 9 14 15 16 11 13 24 18 19 20 21 22 17 31 32 28 26 27 34 23 29 25 36 30 69 1089 155 138 
85 0 1 2 3 4 6 5 9 8 7 20 19 14 10 13 23 25 15 33 18 11 17 31 938 544 28 24 29 676 656 52 2652 5641 2973 30 176 6729 138 2848 1263 
86 0 1 2 3 4 5 7 6 9 8 10 13 15 14 11 12 16 17 21 18 19 23 20 25 26 24 27 22 38 28 29 34 30 45 35 100 37 120 
87 0 1 2 3 4 5 6 7 8 9 15 12 10 11 13 14 16 21 25 20 18 17 24 27 22 31 19 41 177 23 38 30 470 882 2334 949 2841 138 3097 2848 1290 
88 0 1 2 3 4 5 7 6 8 9 12 15 11 21 17 10 25 19 14 13 16 27 23 24 22 47 772 38 714 42 26 54 35 45 1223 4171 3457 
89 0 1 2 3 4 5 7 6 11 10 8 9 13 16 15 23 14 19 17 12 35 18 27 34 21 726 28 24 912 26 71 36 837 39 485 
90 0 1 2 3 4 5 6 7 8 9 12 11 17 14 10 15 19 13 23 21 20 16 28 25 27 24 22 35 18 33 37 34 30 29 42 26 7347 138 155 
91 0 1 2 3 5 6 4 7 8 15 17 13 9 12 11 33 663 34 644 14 452 22 35 20 48 38 41 55 16 30 18 27 28 60 374 445 19 4148 919 2591 3244 138 
92 0 1 2 3 4 6 7 5 8 9 15 12 11 17 10 14 16 13 22 18 20 27 21 24 25 19 26 45 38 57 31 41 42 23 34 35 1799 69 176 3097 1263 
93 0 1 2 3 4 5 7 6 8 11 12 9 15 17 10 21 18 13 20 19 14 23 24 16 27 25 49 33 26 35 39 1152 1010 30 107 138 5959 1290 1310 
94 0 1 2 3 4 10 6 5 7 9 23 14 8 15 16 12 11 22 21 13 37 1008 19 262 83 402 31 2882 861 3458 830 1865 1506 645 1663 1000 1783 4364 5921 
95 0 1 2 3 4 5 7 6 10 8 9 15 14 16 12 11 13 19 26 25 17 24 28 20 18 1863 21 38 36 54 29 50 652 37 65 2132 27 1387 138 2848 554 
96 0 1 2 3 4 5 6 7 8 10 9 11 17 13 15 12 20 16 14 18 19 21 29 22 26 38 23 28 34 30 1361 24 131 37 33 25 737 138 
97 0 1 2 4 3 6 5 7 9 8 10 12 13 11 17 15 14 16 21 20 24 22 19 18 45 26 34 27 559 23 25 192 54 38 28 69 72 1737 
98 0 1 2 3 6 4 5 11 9 7 8 12 10 15 13 17 14 20 18 26 16 434 19 40 29 41 27 25 641 55 341 24 2665 32 155 3097 1671 2591 1290 
99 0 1 2 3 4 5 7 6 9 15 8 10 12 14 11 19 25 16 18 13 24 20 21 17 26 29 38 39 23 27 36 28 22 503 891 37 62 
